########### array before sorts ###########
0	-7.620000	-3.810000	173.970000	-3.810000	n
1	173.970000	-3.810000	173.970000	157.150000	n
2	173.970000	157.150000	-7.620000	157.150000	n
3	-7.620000	157.150000	-7.620000	-3.810000	n
Tolerance=0.050000.
*Exact match for i=0 and j=1.
*i point -7.620000	-3.810000	173.970000	-3.810000	y
*Exact match for i=1 and j=2.
*i point 173.970000	-3.810000	173.970000	157.150000	y
*Exact match for i=2 and j=3.
*i point 173.970000	157.150000	-7.620000	157.150000	y
########### array after sorts ###########
0	-7.620000	-3.810000	173.970000	-3.810000	y
1	173.970000	-3.810000	173.970000	157.150000	y
2	173.970000	157.150000	-7.620000	157.150000	y
3	-7.620000	157.150000	-7.620000	-3.810000	y
***************
.BOARD_OUTLINE UNOWNED
1.6
0     -7.620000     -3.810000     0
0     173.970000     -3.810000     0
0     173.970000     157.150000     0
0     -7.620000     157.150000     0
0     -7.620000     -3.810000     0
